QAflisp - FLISP Absolute crossassembler, Version 1.3
(c) GMV 1989-2023


File: Lab_4-3A.lst
FB                      1. OUTPUT		EQU	$FB
---- File: "Lab_4-3A.sflisp"
00                      2. 		
                        3. 
00                      4. 		ORG	$00
                        5. 
00 05                   6. State_1		FCB	$05
01 06                   7. State_2		FCB	$06
02 0A                   8. State_3		FCB	$0A	
03 09                   9. State_4		FCB	$09
04                     10. 		
20                     11. 		ORG	$20
                       12. 
20 F1 00               13. start:		LDA	State_1
22 E1 FB               14. 		STA	OUTPUT
24 F1 01               15. 		LDA	State_2
26 E1 FB               16. 		STA	OUTPUT
28 F1 02               17. 		LDA	State_3
2A E1 FB               18. 		STA	OUTPUT
2C F1 03               19. 		LDA	State_4
2E E1 FB               20. 		STA 	OUTPUT
30 33 20               21. 		JMP	start
                       22. 
FF                     23. 		ORG	$FF
FF 20                  24. 		FCB	$20